<?xml version="1.0" encoding="UTF-8"?>
<coverage generated="1747674369581" clover="3.2.0">
  <project timestamp="1747674369581" name="All files">
    <metrics statements="16" coveredstatements="16" conditionals="0" coveredconditionals="0" methods="7" coveredmethods="7" elements="23" coveredelements="23" complexity="0" loc="16" ncloc="16" packages="1" files="1" classes="1"/>
    <file name="movie.ts" path="C:\Users\lanae\Desktop\new types\src\movie.ts">
      <metrics statements="16" coveredstatements="16" conditionals="0" coveredconditionals="0" methods="7" coveredmethods="7"/>
      <line num="1" count="1" type="stmt"/>
      <line num="9" count="4" type="stmt"/>
      <line num="10" count="4" type="stmt"/>
      <line num="11" count="4" type="stmt"/>
      <line num="12" count="4" type="stmt"/>
      <line num="13" count="4" type="stmt"/>
      <line num="16" count="1" type="stmt"/>
      <line num="17" count="2" type="stmt"/>
      <line num="19" count="1" type="stmt"/>
      <line num="21" count="1" type="stmt"/>
      <line num="22" count="2" type="stmt"/>
      <line num="24" count="1" type="stmt"/>
      <line num="25" count="2" type="stmt"/>
      <line num="28" count="1" type="stmt"/>
      <line num="29" count="1" type="stmt"/>
      <line num="31" count="1" type="stmt"/>
    </file>
  </project>
</coverage>
